  [1m[35m (3.1ms)[0m  [1m[34mSELECT "schema_migrations"."version" FROM "schema_migrations" ORDER BY "schema_migrations"."version" ASC[0m
  [1m[35m (1.9ms)[0m  [1m[34mSELECT "schema_migrations"."version" FROM "schema_migrations" ORDER BY "schema_migrations"."version" ASC[0m
  [1m[35m (0.9ms)[0m  [1m[34mSELECT "ar_internal_metadata"."value" FROM "ar_internal_metadata" WHERE "ar_internal_metadata"."key" = $1[0m  [["key", "environment"]]
  [1m[35m (0.6ms)[0m  [1m[34mSELECT "schema_migrations"."version" FROM "schema_migrations" ORDER BY "schema_migrations"."version" ASC[0m
  [1m[35m (0.4ms)[0m  [1m[34mSELECT "ar_internal_metadata"."value" FROM "ar_internal_metadata" WHERE "ar_internal_metadata"."key" = $1[0m  [["key", "environment"]]
  [1m[35m (0.6ms)[0m  [1m[34mSELECT "schema_migrations"."version" FROM "schema_migrations" ORDER BY "schema_migrations"."version" ASC[0m
  [1m[35m (0.5ms)[0m  [1m[34mSELECT "ar_internal_metadata"."value" FROM "ar_internal_metadata" WHERE "ar_internal_metadata"."key" = $1[0m  [["key", "environment"]]
  [1m[35m (138.1ms)[0m  [1m[35mDROP DATABASE IF EXISTS "movie_buff_test"[0m
  [1m[35m (615.7ms)[0m  [1m[35mCREATE DATABASE "movie_buff_test" ENCODING = 'unicode'[0m
  [1m[35mSQL (4.9ms)[0m  [1m[35mCREATE EXTENSION IF NOT EXISTS "plpgsql"[0m
  [1m[35m (1.9ms)[0m  [1m[35mDROP TABLE IF EXISTS "actors" CASCADE[0m
  [1m[35m (45.2ms)[0m  [1m[35mCREATE TABLE "actors" ("id" bigserial primary key, "name" character varying NOT NULL)[0m
  [1m[35m (6.1ms)[0m  [1m[35mCREATE  INDEX  "index_actors_on_name" ON "actors"  ("name")[0m
  [1m[35m (0.5ms)[0m  [1m[35mDROP TABLE IF EXISTS "castings" CASCADE[0m
  [1m[35m (8.5ms)[0m  [1m[35mCREATE TABLE "castings" ("id" bigserial primary key, "actor_id" integer NOT NULL, "movie_id" integer NOT NULL, "ord" integer NOT NULL)[0m
  [1m[35m (4.9ms)[0m  [1m[35mCREATE UNIQUE INDEX  "index_castings_on_actor_id_and_movie_id" ON "castings"  ("actor_id", "movie_id")[0m
  [1m[35m (2.5ms)[0m  [1m[35mCREATE  INDEX  "index_castings_on_actor_id" ON "castings"  ("actor_id")[0m
  [1m[35m (3.2ms)[0m  [1m[35mCREATE  INDEX  "index_castings_on_movie_id" ON "castings"  ("movie_id")[0m
  [1m[35m (0.5ms)[0m  [1m[35mDROP TABLE IF EXISTS "movies" CASCADE[0m
  [1m[35m (12.6ms)[0m  [1m[35mCREATE TABLE "movies" ("id" bigserial primary key, "title" character varying NOT NULL, "yr" integer NOT NULL, "score" float NOT NULL, "votes" integer NOT NULL, "director_id" integer NOT NULL)[0m
  [1m[35m (3.4ms)[0m  [1m[35mCREATE  INDEX  "index_movies_on_director_id" ON "movies"  ("director_id")[0m
  [1m[35m (3.3ms)[0m  [1m[35mCREATE  INDEX  "index_movies_on_title" ON "movies"  ("title")[0m
  [1m[35m (5.8ms)[0m  [1m[35mCREATE TABLE "schema_migrations" ("version" character varying NOT NULL PRIMARY KEY)[0m
  [1m[35m (1.6ms)[0m  [1m[34mSELECT "schema_migrations"."version" FROM "schema_migrations" ORDER BY "schema_migrations"."version" ASC[0m
  [1m[35m (51.4ms)[0m  [1m[32mINSERT INTO "schema_migrations" (version) VALUES (20170711160807)[0m
  [1m[35m (29.6ms)[0m  [1m[32mINSERT INTO "schema_migrations" (version) VALUES
(20170707013241),
(20170707013123);

[0m
  [1m[35m (8.8ms)[0m  [1m[35mCREATE TABLE "ar_internal_metadata" ("key" character varying NOT NULL PRIMARY KEY, "value" character varying, "created_at" timestamp NOT NULL, "updated_at" timestamp NOT NULL)[0m
  [1m[36mActiveRecord::InternalMetadata Load (1.1ms)[0m  [1m[34mSELECT  "ar_internal_metadata".* FROM "ar_internal_metadata" WHERE "ar_internal_metadata"."key" = $1 LIMIT $2[0m  [["key", "environment"], ["LIMIT", 1]]
  [1m[35m (1.2ms)[0m  [1m[35mBEGIN[0m
  [1m[35mSQL (3.1ms)[0m  [1m[32mINSERT INTO "ar_internal_metadata" ("key", "value", "created_at", "updated_at") VALUES ($1, $2, $3, $4) RETURNING "key"[0m  [["key", "environment"], ["value", "development"], ["created_at", "2020-11-30 18:47:03.187240"], ["updated_at", "2020-11-30 18:47:03.187240"]]
  [1m[35m (0.6ms)[0m  [1m[35mCOMMIT[0m
  [1m[36mActiveRecord::InternalMetadata Load (1.3ms)[0m  [1m[34mSELECT  "ar_internal_metadata".* FROM "ar_internal_metadata" WHERE "ar_internal_metadata"."key" = $1 LIMIT $2[0m  [["key", "environment"], ["LIMIT", 1]]
  [1m[35m (0.3ms)[0m  [1m[35mBEGIN[0m
  [1m[35mSQL (12.5ms)[0m  [1m[33mUPDATE "ar_internal_metadata" SET "value" = $1, "updated_at" = $2 WHERE "ar_internal_metadata"."key" = $3[0m  [["value", "test"], ["updated_at", "2020-11-30 18:47:03.202250"], ["key", "environment"]]
  [1m[35m (5.9ms)[0m  [1m[35mCOMMIT[0m
  [1m[35m (6.1ms)[0m  [1m[34mSELECT "schema_migrations"."version" FROM "schema_migrations" ORDER BY "schema_migrations"."version" ASC[0m
  [1m[35m (1.4ms)[0m  [1m[34mSELECT "schema_migrations"."version" FROM "schema_migrations" ORDER BY "schema_migrations"."version" ASC[0m
  [1m[35m (1.7ms)[0m  [1m[34mSELECT "schema_migrations"."version" FROM "schema_migrations" ORDER BY "schema_migrations"."version" ASC[0m
  [1m[35m (0.6ms)[0m  [1m[34mSELECT "ar_internal_metadata"."value" FROM "ar_internal_metadata" WHERE "ar_internal_metadata"."key" = $1[0m  [["key", "environment"]]
  [1m[35m (0.3ms)[0m  [1m[34mSELECT "schema_migrations"."version" FROM "schema_migrations" ORDER BY "schema_migrations"."version" ASC[0m
  [1m[35m (0.5ms)[0m  [1m[34mSELECT "ar_internal_metadata"."value" FROM "ar_internal_metadata" WHERE "ar_internal_metadata"."key" = $1[0m  [["key", "environment"]]
  [1m[35m (0.4ms)[0m  [1m[34mSELECT "schema_migrations"."version" FROM "schema_migrations" ORDER BY "schema_migrations"."version" ASC[0m
  [1m[35m (0.5ms)[0m  [1m[34mSELECT "ar_internal_metadata"."value" FROM "ar_internal_metadata" WHERE "ar_internal_metadata"."key" = $1[0m  [["key", "environment"]]
  [1m[35m (82.3ms)[0m  [1m[35mDROP DATABASE IF EXISTS "movie_buff_test"[0m
  [1m[35m (385.9ms)[0m  [1m[35mCREATE DATABASE "movie_buff_test" ENCODING = 'unicode'[0m
  [1m[35mSQL (0.8ms)[0m  [1m[35mCREATE EXTENSION IF NOT EXISTS "plpgsql"[0m
  [1m[35m (0.5ms)[0m  [1m[35mDROP TABLE IF EXISTS "actors" CASCADE[0m
  [1m[35m (27.4ms)[0m  [1m[35mCREATE TABLE "actors" ("id" bigserial primary key, "name" character varying NOT NULL)[0m
  [1m[35m (2.2ms)[0m  [1m[35mCREATE  INDEX  "index_actors_on_name" ON "actors"  ("name")[0m
  [1m[35m (0.2ms)[0m  [1m[35mDROP TABLE IF EXISTS "castings" CASCADE[0m
  [1m[35m (13.1ms)[0m  [1m[35mCREATE TABLE "castings" ("id" bigserial primary key, "actor_id" integer NOT NULL, "movie_id" integer NOT NULL, "ord" integer NOT NULL)[0m
  [1m[35m (3.8ms)[0m  [1m[35mCREATE UNIQUE INDEX  "index_castings_on_actor_id_and_movie_id" ON "castings"  ("actor_id", "movie_id")[0m
  [1m[35m (3.3ms)[0m  [1m[35mCREATE  INDEX  "index_castings_on_actor_id" ON "castings"  ("actor_id")[0m
  [1m[35m (1.9ms)[0m  [1m[35mCREATE  INDEX  "index_castings_on_movie_id" ON "castings"  ("movie_id")[0m
  [1m[35m (0.6ms)[0m  [1m[35mDROP TABLE IF EXISTS "movies" CASCADE[0m
  [1m[35m (7.8ms)[0m  [1m[35mCREATE TABLE "movies" ("id" bigserial primary key, "title" character varying NOT NULL, "yr" integer NOT NULL, "score" float NOT NULL, "votes" integer NOT NULL, "director_id" integer NOT NULL)[0m
  [1m[35m (1.8ms)[0m  [1m[35mCREATE  INDEX  "index_movies_on_director_id" ON "movies"  ("director_id")[0m
  [1m[35m (2.2ms)[0m  [1m[35mCREATE  INDEX  "index_movies_on_title" ON "movies"  ("title")[0m
  [1m[35m (10.7ms)[0m  [1m[35mCREATE TABLE "schema_migrations" ("version" character varying NOT NULL PRIMARY KEY)[0m
  [1m[35m (1.4ms)[0m  [1m[34mSELECT "schema_migrations"."version" FROM "schema_migrations" ORDER BY "schema_migrations"."version" ASC[0m
  [1m[35m (1.2ms)[0m  [1m[32mINSERT INTO "schema_migrations" (version) VALUES (20170711160807)[0m
  [1m[35m (1.1ms)[0m  [1m[32mINSERT INTO "schema_migrations" (version) VALUES
(20170707013241),
(20170707013123);

[0m
  [1m[35m (5.2ms)[0m  [1m[35mCREATE TABLE "ar_internal_metadata" ("key" character varying NOT NULL PRIMARY KEY, "value" character varying, "created_at" timestamp NOT NULL, "updated_at" timestamp NOT NULL)[0m
  [1m[36mActiveRecord::InternalMetadata Load (0.5ms)[0m  [1m[34mSELECT  "ar_internal_metadata".* FROM "ar_internal_metadata" WHERE "ar_internal_metadata"."key" = $1 LIMIT $2[0m  [["key", "environment"], ["LIMIT", 1]]
  [1m[35m (0.2ms)[0m  [1m[35mBEGIN[0m
  [1m[35mSQL (0.6ms)[0m  [1m[32mINSERT INTO "ar_internal_metadata" ("key", "value", "created_at", "updated_at") VALUES ($1, $2, $3, $4) RETURNING "key"[0m  [["key", "environment"], ["value", "development"], ["created_at", "2020-11-30 18:48:50.440864"], ["updated_at", "2020-11-30 18:48:50.440864"]]
  [1m[35m (0.5ms)[0m  [1m[35mCOMMIT[0m
  [1m[36mActiveRecord::InternalMetadata Load (1.0ms)[0m  [1m[34mSELECT  "ar_internal_metadata".* FROM "ar_internal_metadata" WHERE "ar_internal_metadata"."key" = $1 LIMIT $2[0m  [["key", "environment"], ["LIMIT", 1]]
  [1m[35m (0.2ms)[0m  [1m[35mBEGIN[0m
  [1m[35mSQL (1.0ms)[0m  [1m[33mUPDATE "ar_internal_metadata" SET "value" = $1, "updated_at" = $2 WHERE "ar_internal_metadata"."key" = $3[0m  [["value", "test"], ["updated_at", "2020-11-30 18:48:50.456321"], ["key", "environment"]]
  [1m[35m (5.7ms)[0m  [1m[35mCOMMIT[0m
  [1m[35m (1.5ms)[0m  [1m[34mSELECT "schema_migrations"."version" FROM "schema_migrations" ORDER BY "schema_migrations"."version" ASC[0m
  [1m[35m (0.3ms)[0m  [1m[34mSELECT "schema_migrations"."version" FROM "schema_migrations" ORDER BY "schema_migrations"."version" ASC[0m
  [1m[35m (1.3ms)[0m  [1m[34mSELECT "schema_migrations"."version" FROM "schema_migrations" ORDER BY "schema_migrations"."version" ASC[0m
  [1m[35m (0.5ms)[0m  [1m[34mSELECT "ar_internal_metadata"."value" FROM "ar_internal_metadata" WHERE "ar_internal_metadata"."key" = $1[0m  [["key", "environment"]]
  [1m[35m (0.3ms)[0m  [1m[34mSELECT "schema_migrations"."version" FROM "schema_migrations" ORDER BY "schema_migrations"."version" ASC[0m
  [1m[35m (0.3ms)[0m  [1m[34mSELECT "ar_internal_metadata"."value" FROM "ar_internal_metadata" WHERE "ar_internal_metadata"."key" = $1[0m  [["key", "environment"]]
  [1m[35m (0.4ms)[0m  [1m[34mSELECT "schema_migrations"."version" FROM "schema_migrations" ORDER BY "schema_migrations"."version" ASC[0m
  [1m[35m (0.4ms)[0m  [1m[34mSELECT "ar_internal_metadata"."value" FROM "ar_internal_metadata" WHERE "ar_internal_metadata"."key" = $1[0m  [["key", "environment"]]
  [1m[35m (83.9ms)[0m  [1m[35mDROP DATABASE IF EXISTS "movie_buff_test"[0m
  [1m[35m (374.8ms)[0m  [1m[35mCREATE DATABASE "movie_buff_test" ENCODING = 'unicode'[0m
  [1m[35mSQL (0.5ms)[0m  [1m[35mCREATE EXTENSION IF NOT EXISTS "plpgsql"[0m
  [1m[35m (0.4ms)[0m  [1m[35mDROP TABLE IF EXISTS "actors" CASCADE[0m
  [1m[35m (22.6ms)[0m  [1m[35mCREATE TABLE "actors" ("id" bigserial primary key, "name" character varying NOT NULL)[0m
  [1m[35m (2.6ms)[0m  [1m[35mCREATE  INDEX  "index_actors_on_name" ON "actors"  ("name")[0m
  [1m[35m (0.3ms)[0m  [1m[35mDROP TABLE IF EXISTS "castings" CASCADE[0m
  [1m[35m (6.9ms)[0m  [1m[35mCREATE TABLE "castings" ("id" bigserial primary key, "actor_id" integer NOT NULL, "movie_id" integer NOT NULL, "ord" integer NOT NULL)[0m
  [1m[35m (2.9ms)[0m  [1m[35mCREATE UNIQUE INDEX  "index_castings_on_actor_id_and_movie_id" ON "castings"  ("actor_id", "movie_id")[0m
  [1m[35m (2.4ms)[0m  [1m[35mCREATE  INDEX  "index_castings_on_actor_id" ON "castings"  ("actor_id")[0m
  [1m[35m (2.1ms)[0m  [1m[35mCREATE  INDEX  "index_castings_on_movie_id" ON "castings"  ("movie_id")[0m
  [1m[35m (0.4ms)[0m  [1m[35mDROP TABLE IF EXISTS "movies" CASCADE[0m
  [1m[35m (10.8ms)[0m  [1m[35mCREATE TABLE "movies" ("id" bigserial primary key, "title" character varying NOT NULL, "yr" integer NOT NULL, "score" float NOT NULL, "votes" integer NOT NULL, "director_id" integer NOT NULL)[0m
  [1m[35m (1.8ms)[0m  [1m[35mCREATE  INDEX  "index_movies_on_director_id" ON "movies"  ("director_id")[0m
  [1m[35m (1.9ms)[0m  [1m[35mCREATE  INDEX  "index_movies_on_title" ON "movies"  ("title")[0m
  [1m[35m (4.9ms)[0m  [1m[35mCREATE TABLE "schema_migrations" ("version" character varying NOT NULL PRIMARY KEY)[0m
  [1m[35m (1.1ms)[0m  [1m[34mSELECT "schema_migrations"."version" FROM "schema_migrations" ORDER BY "schema_migrations"."version" ASC[0m
  [1m[35m (0.9ms)[0m  [1m[32mINSERT INTO "schema_migrations" (version) VALUES (20170711160807)[0m
  [1m[35m (0.6ms)[0m  [1m[32mINSERT INTO "schema_migrations" (version) VALUES
(20170707013241),
(20170707013123);

[0m
  [1m[35m (7.6ms)[0m  [1m[35mCREATE TABLE "ar_internal_metadata" ("key" character varying NOT NULL PRIMARY KEY, "value" character varying, "created_at" timestamp NOT NULL, "updated_at" timestamp NOT NULL)[0m
  [1m[36mActiveRecord::InternalMetadata Load (0.7ms)[0m  [1m[34mSELECT  "ar_internal_metadata".* FROM "ar_internal_metadata" WHERE "ar_internal_metadata"."key" = $1 LIMIT $2[0m  [["key", "environment"], ["LIMIT", 1]]
  [1m[35m (0.3ms)[0m  [1m[35mBEGIN[0m
  [1m[35mSQL (1.9ms)[0m  [1m[32mINSERT INTO "ar_internal_metadata" ("key", "value", "created_at", "updated_at") VALUES ($1, $2, $3, $4) RETURNING "key"[0m  [["key", "environment"], ["value", "development"], ["created_at", "2020-11-30 18:48:56.770042"], ["updated_at", "2020-11-30 18:48:56.770042"]]
  [1m[35m (0.7ms)[0m  [1m[35mCOMMIT[0m
  [1m[36mActiveRecord::InternalMetadata Load (0.6ms)[0m  [1m[34mSELECT  "ar_internal_metadata".* FROM "ar_internal_metadata" WHERE "ar_internal_metadata"."key" = $1 LIMIT $2[0m  [["key", "environment"], ["LIMIT", 1]]
  [1m[35m (0.2ms)[0m  [1m[35mBEGIN[0m
  [1m[35mSQL (0.6ms)[0m  [1m[33mUPDATE "ar_internal_metadata" SET "value" = $1, "updated_at" = $2 WHERE "ar_internal_metadata"."key" = $3[0m  [["value", "test"], ["updated_at", "2020-11-30 18:48:56.781290"], ["key", "environment"]]
  [1m[35m (8.4ms)[0m  [1m[35mCOMMIT[0m
  [1m[35m (1.9ms)[0m  [1m[34mSELECT "schema_migrations"."version" FROM "schema_migrations" ORDER BY "schema_migrations"."version" ASC[0m
  [1m[35m (0.6ms)[0m  [1m[34mSELECT "schema_migrations"."version" FROM "schema_migrations" ORDER BY "schema_migrations"."version" ASC[0m
  [1m[35m (2.1ms)[0m  [1m[34mSELECT "schema_migrations"."version" FROM "schema_migrations" ORDER BY "schema_migrations"."version" ASC[0m
  [1m[35m (1.2ms)[0m  [1m[34mSELECT "ar_internal_metadata"."value" FROM "ar_internal_metadata" WHERE "ar_internal_metadata"."key" = $1[0m  [["key", "environment"]]
  [1m[35m (0.3ms)[0m  [1m[34mSELECT "schema_migrations"."version" FROM "schema_migrations" ORDER BY "schema_migrations"."version" ASC[0m
  [1m[35m (0.4ms)[0m  [1m[34mSELECT "ar_internal_metadata"."value" FROM "ar_internal_metadata" WHERE "ar_internal_metadata"."key" = $1[0m  [["key", "environment"]]
  [1m[35m (0.3ms)[0m  [1m[34mSELECT "schema_migrations"."version" FROM "schema_migrations" ORDER BY "schema_migrations"."version" ASC[0m
  [1m[35m (0.8ms)[0m  [1m[34mSELECT "ar_internal_metadata"."value" FROM "ar_internal_metadata" WHERE "ar_internal_metadata"."key" = $1[0m  [["key", "environment"]]
  [1m[35m (112.0ms)[0m  [1m[35mDROP DATABASE IF EXISTS "movie_buff_test"[0m
  [1m[35m (460.5ms)[0m  [1m[35mCREATE DATABASE "movie_buff_test" ENCODING = 'unicode'[0m
  [1m[35mSQL (0.6ms)[0m  [1m[35mCREATE EXTENSION IF NOT EXISTS "plpgsql"[0m
  [1m[35m (0.4ms)[0m  [1m[35mDROP TABLE IF EXISTS "actors" CASCADE[0m
  [1m[35m (14.6ms)[0m  [1m[35mCREATE TABLE "actors" ("id" bigserial primary key, "name" character varying NOT NULL)[0m
  [1m[35m (19.6ms)[0m  [1m[35mCREATE  INDEX  "index_actors_on_name" ON "actors"  ("name")[0m
  [1m[35m (0.4ms)[0m  [1m[35mDROP TABLE IF EXISTS "castings" CASCADE[0m
  [1m[35m (15.1ms)[0m  [1m[35mCREATE TABLE "castings" ("id" bigserial primary key, "actor_id" integer NOT NULL, "movie_id" integer NOT NULL, "ord" integer NOT NULL)[0m
  [1m[35m (19.7ms)[0m  [1m[35mCREATE UNIQUE INDEX  "index_castings_on_actor_id_and_movie_id" ON "castings"  ("actor_id", "movie_id")[0m
  [1m[35m (2.4ms)[0m  [1m[35mCREATE  INDEX  "index_castings_on_actor_id" ON "castings"  ("actor_id")[0m
  [1m[35m (2.0ms)[0m  [1m[35mCREATE  INDEX  "index_castings_on_movie_id" ON "castings"  ("movie_id")[0m
  [1m[35m (0.3ms)[0m  [1m[35mDROP TABLE IF EXISTS "movies" CASCADE[0m
  [1m[35m (9.5ms)[0m  [1m[35mCREATE TABLE "movies" ("id" bigserial primary key, "title" character varying NOT NULL, "yr" integer NOT NULL, "score" float NOT NULL, "votes" integer NOT NULL, "director_id" integer NOT NULL)[0m
  [1m[35m (2.6ms)[0m  [1m[35mCREATE  INDEX  "index_movies_on_director_id" ON "movies"  ("director_id")[0m
  [1m[35m (2.5ms)[0m  [1m[35mCREATE  INDEX  "index_movies_on_title" ON "movies"  ("title")[0m
  [1m[35m (8.1ms)[0m  [1m[35mCREATE TABLE "schema_migrations" ("version" character varying NOT NULL PRIMARY KEY)[0m
  [1m[35m (0.9ms)[0m  [1m[34mSELECT "schema_migrations"."version" FROM "schema_migrations" ORDER BY "schema_migrations"."version" ASC[0m
  [1m[35m (1.9ms)[0m  [1m[32mINSERT INTO "schema_migrations" (version) VALUES (20170711160807)[0m
  [1m[35m (1.4ms)[0m  [1m[32mINSERT INTO "schema_migrations" (version) VALUES
(20170707013241),
(20170707013123);

[0m
  [1m[35m (5.8ms)[0m  [1m[35mCREATE TABLE "ar_internal_metadata" ("key" character varying NOT NULL PRIMARY KEY, "value" character varying, "created_at" timestamp NOT NULL, "updated_at" timestamp NOT NULL)[0m
  [1m[36mActiveRecord::InternalMetadata Load (0.9ms)[0m  [1m[34mSELECT  "ar_internal_metadata".* FROM "ar_internal_metadata" WHERE "ar_internal_metadata"."key" = $1 LIMIT $2[0m  [["key", "environment"], ["LIMIT", 1]]
  [1m[35m (3.0ms)[0m  [1m[35mBEGIN[0m
  [1m[35mSQL (1.0ms)[0m  [1m[32mINSERT INTO "ar_internal_metadata" ("key", "value", "created_at", "updated_at") VALUES ($1, $2, $3, $4) RETURNING "key"[0m  [["key", "environment"], ["value", "development"], ["created_at", "2020-11-30 18:49:03.760477"], ["updated_at", "2020-11-30 18:49:03.760477"]]
  [1m[35m (3.6ms)[0m  [1m[35mCOMMIT[0m
  [1m[36mActiveRecord::InternalMetadata Load (0.5ms)[0m  [1m[34mSELECT  "ar_internal_metadata".* FROM "ar_internal_metadata" WHERE "ar_internal_metadata"."key" = $1 LIMIT $2[0m  [["key", "environment"], ["LIMIT", 1]]
  [1m[35m (0.3ms)[0m  [1m[35mBEGIN[0m
  [1m[35mSQL (0.8ms)[0m  [1m[33mUPDATE "ar_internal_metadata" SET "value" = $1, "updated_at" = $2 WHERE "ar_internal_metadata"."key" = $3[0m  [["value", "test"], ["updated_at", "2020-11-30 18:49:03.773967"], ["key", "environment"]]
  [1m[35m (6.5ms)[0m  [1m[35mCOMMIT[0m
  [1m[35m (1.9ms)[0m  [1m[34mSELECT "schema_migrations"."version" FROM "schema_migrations" ORDER BY "schema_migrations"."version" ASC[0m
  [1m[35m (1.3ms)[0m  [1m[34mSELECT "schema_migrations"."version" FROM "schema_migrations" ORDER BY "schema_migrations"."version" ASC[0m
  [1m[35m (2.1ms)[0m  [1m[34mSELECT "schema_migrations"."version" FROM "schema_migrations" ORDER BY "schema_migrations"."version" ASC[0m
  [1m[35m (0.6ms)[0m  [1m[34mSELECT "ar_internal_metadata"."value" FROM "ar_internal_metadata" WHERE "ar_internal_metadata"."key" = $1[0m  [["key", "environment"]]
  [1m[35m (0.3ms)[0m  [1m[34mSELECT "schema_migrations"."version" FROM "schema_migrations" ORDER BY "schema_migrations"."version" ASC[0m
  [1m[35m (0.3ms)[0m  [1m[34mSELECT "ar_internal_metadata"."value" FROM "ar_internal_metadata" WHERE "ar_internal_metadata"."key" = $1[0m  [["key", "environment"]]
  [1m[35m (0.3ms)[0m  [1m[34mSELECT "schema_migrations"."version" FROM "schema_migrations" ORDER BY "schema_migrations"."version" ASC[0m
  [1m[35m (0.3ms)[0m  [1m[34mSELECT "ar_internal_metadata"."value" FROM "ar_internal_metadata" WHERE "ar_internal_metadata"."key" = $1[0m  [["key", "environment"]]
  [1m[35m (102.3ms)[0m  [1m[35mDROP DATABASE IF EXISTS "movie_buff_test"[0m
  [1m[35m (390.3ms)[0m  [1m[35mCREATE DATABASE "movie_buff_test" ENCODING = 'unicode'[0m
  [1m[35mSQL (1.0ms)[0m  [1m[35mCREATE EXTENSION IF NOT EXISTS "plpgsql"[0m
  [1m[35m (0.4ms)[0m  [1m[35mDROP TABLE IF EXISTS "actors" CASCADE[0m
  [1m[35m (19.2ms)[0m  [1m[35mCREATE TABLE "actors" ("id" bigserial primary key, "name" character varying NOT NULL)[0m
  [1m[35m (2.9ms)[0m  [1m[35mCREATE  INDEX  "index_actors_on_name" ON "actors"  ("name")[0m
  [1m[35m (0.3ms)[0m  [1m[35mDROP TABLE IF EXISTS "castings" CASCADE[0m
  [1m[35m (7.6ms)[0m  [1m[35mCREATE TABLE "castings" ("id" bigserial primary key, "actor_id" integer NOT NULL, "movie_id" integer NOT NULL, "ord" integer NOT NULL)[0m
  [1m[35m (6.9ms)[0m  [1m[35mCREATE UNIQUE INDEX  "index_castings_on_actor_id_and_movie_id" ON "castings"  ("actor_id", "movie_id")[0m
  [1m[35m (2.6ms)[0m  [1m[35mCREATE  INDEX  "index_castings_on_actor_id" ON "castings"  ("actor_id")[0m
  [1m[35m (1.6ms)[0m  [1m[35mCREATE  INDEX  "index_castings_on_movie_id" ON "castings"  ("movie_id")[0m
  [1m[35m (0.3ms)[0m  [1m[35mDROP TABLE IF EXISTS "movies" CASCADE[0m
  [1m[35m (10.3ms)[0m  [1m[35mCREATE TABLE "movies" ("id" bigserial primary key, "title" character varying NOT NULL, "yr" integer NOT NULL, "score" float NOT NULL, "votes" integer NOT NULL, "director_id" integer NOT NULL)[0m
  [1m[35m (2.9ms)[0m  [1m[35mCREATE  INDEX  "index_movies_on_director_id" ON "movies"  ("director_id")[0m
  [1m[35m (3.1ms)[0m  [1m[35mCREATE  INDEX  "index_movies_on_title" ON "movies"  ("title")[0m
  [1m[35m (14.5ms)[0m  [1m[35mCREATE TABLE "schema_migrations" ("version" character varying NOT NULL PRIMARY KEY)[0m
  [1m[35m (3.1ms)[0m  [1m[34mSELECT "schema_migrations"."version" FROM "schema_migrations" ORDER BY "schema_migrations"."version" ASC[0m
  [1m[35m (3.1ms)[0m  [1m[32mINSERT INTO "schema_migrations" (version) VALUES (20170711160807)[0m
  [1m[35m (1.4ms)[0m  [1m[32mINSERT INTO "schema_migrations" (version) VALUES
(20170707013241),
(20170707013123);

[0m
  [1m[35m (9.3ms)[0m  [1m[35mCREATE TABLE "ar_internal_metadata" ("key" character varying NOT NULL PRIMARY KEY, "value" character varying, "created_at" timestamp NOT NULL, "updated_at" timestamp NOT NULL)[0m
  [1m[36mActiveRecord::InternalMetadata Load (1.5ms)[0m  [1m[34mSELECT  "ar_internal_metadata".* FROM "ar_internal_metadata" WHERE "ar_internal_metadata"."key" = $1 LIMIT $2[0m  [["key", "environment"], ["LIMIT", 1]]
  [1m[35m (0.3ms)[0m  [1m[35mBEGIN[0m
  [1m[35mSQL (2.2ms)[0m  [1m[32mINSERT INTO "ar_internal_metadata" ("key", "value", "created_at", "updated_at") VALUES ($1, $2, $3, $4) RETURNING "key"[0m  [["key", "environment"], ["value", "development"], ["created_at", "2020-11-30 18:52:01.426389"], ["updated_at", "2020-11-30 18:52:01.426389"]]
  [1m[35m (0.7ms)[0m  [1m[35mCOMMIT[0m
  [1m[36mActiveRecord::InternalMetadata Load (4.4ms)[0m  [1m[34mSELECT  "ar_internal_metadata".* FROM "ar_internal_metadata" WHERE "ar_internal_metadata"."key" = $1 LIMIT $2[0m  [["key", "environment"], ["LIMIT", 1]]
  [1m[35m (0.3ms)[0m  [1m[35mBEGIN[0m
  [1m[35mSQL (1.0ms)[0m  [1m[33mUPDATE "ar_internal_metadata" SET "value" = $1, "updated_at" = $2 WHERE "ar_internal_metadata"."key" = $3[0m  [["value", "test"], ["updated_at", "2020-11-30 18:52:01.445304"], ["key", "environment"]]
  [1m[35m (5.8ms)[0m  [1m[35mCOMMIT[0m
  [1m[35m (1.9ms)[0m  [1m[34mSELECT "schema_migrations"."version" FROM "schema_migrations" ORDER BY "schema_migrations"."version" ASC[0m
  [1m[35m (0.6ms)[0m  [1m[34mSELECT "schema_migrations"."version" FROM "schema_migrations" ORDER BY "schema_migrations"."version" ASC[0m
  [1m[35m (1.8ms)[0m  [1m[34mSELECT "schema_migrations"."version" FROM "schema_migrations" ORDER BY "schema_migrations"."version" ASC[0m
  [1m[35m (0.9ms)[0m  [1m[34mSELECT "ar_internal_metadata"."value" FROM "ar_internal_metadata" WHERE "ar_internal_metadata"."key" = $1[0m  [["key", "environment"]]
  [1m[35m (0.4ms)[0m  [1m[34mSELECT "schema_migrations"."version" FROM "schema_migrations" ORDER BY "schema_migrations"."version" ASC[0m
  [1m[35m (0.5ms)[0m  [1m[34mSELECT "ar_internal_metadata"."value" FROM "ar_internal_metadata" WHERE "ar_internal_metadata"."key" = $1[0m  [["key", "environment"]]
  [1m[35m (0.3ms)[0m  [1m[34mSELECT "schema_migrations"."version" FROM "schema_migrations" ORDER BY "schema_migrations"."version" ASC[0m
  [1m[35m (0.3ms)[0m  [1m[34mSELECT "ar_internal_metadata"."value" FROM "ar_internal_metadata" WHERE "ar_internal_metadata"."key" = $1[0m  [["key", "environment"]]
  [1m[35m (108.4ms)[0m  [1m[35mDROP DATABASE IF EXISTS "movie_buff_test"[0m
  [1m[35m (253.7ms)[0m  [1m[35mCREATE DATABASE "movie_buff_test" ENCODING = 'unicode'[0m
  [1m[35mSQL (0.7ms)[0m  [1m[35mCREATE EXTENSION IF NOT EXISTS "plpgsql"[0m
  [1m[35m (0.4ms)[0m  [1m[35mDROP TABLE IF EXISTS "actors" CASCADE[0m
  [1m[35m (20.0ms)[0m  [1m[35mCREATE TABLE "actors" ("id" bigserial primary key, "name" character varying NOT NULL)[0m
  [1m[35m (3.3ms)[0m  [1m[35mCREATE  INDEX  "index_actors_on_name" ON "actors"  ("name")[0m
  [1m[35m (0.7ms)[0m  [1m[35mDROP TABLE IF EXISTS "castings" CASCADE[0m
  [1m[35m (4.8ms)[0m  [1m[35mCREATE TABLE "castings" ("id" bigserial primary key, "actor_id" integer NOT NULL, "movie_id" integer NOT NULL, "ord" integer NOT NULL)[0m
  [1m[35m (2.1ms)[0m  [1m[35mCREATE UNIQUE INDEX  "index_castings_on_actor_id_and_movie_id" ON "castings"  ("actor_id", "movie_id")[0m
  [1m[35m (2.9ms)[0m  [1m[35mCREATE  INDEX  "index_castings_on_actor_id" ON "castings"  ("actor_id")[0m
  [1m[35m (2.4ms)[0m  [1m[35mCREATE  INDEX  "index_castings_on_movie_id" ON "castings"  ("movie_id")[0m
  [1m[35m (0.6ms)[0m  [1m[35mDROP TABLE IF EXISTS "movies" CASCADE[0m
  [1m[35m (16.0ms)[0m  [1m[35mCREATE TABLE "movies" ("id" bigserial primary key, "title" character varying NOT NULL, "yr" integer NOT NULL, "score" float NOT NULL, "votes" integer NOT NULL, "director_id" integer NOT NULL)[0m
  [1m[35m (2.2ms)[0m  [1m[35mCREATE  INDEX  "index_movies_on_director_id" ON "movies"  ("director_id")[0m
  [1m[35m (1.9ms)[0m  [1m[35mCREATE  INDEX  "index_movies_on_title" ON "movies"  ("title")[0m
  [1m[35m (10.3ms)[0m  [1m[35mCREATE TABLE "schema_migrations" ("version" character varying NOT NULL PRIMARY KEY)[0m
  [1m[35m (3.3ms)[0m  [1m[34mSELECT "schema_migrations"."version" FROM "schema_migrations" ORDER BY "schema_migrations"."version" ASC[0m
  [1m[35m (1.3ms)[0m  [1m[32mINSERT INTO "schema_migrations" (version) VALUES (20170711160807)[0m
  [1m[35m (1.0ms)[0m  [1m[32mINSERT INTO "schema_migrations" (version) VALUES
(20170707013241),
(20170707013123);

[0m
  [1m[35m (9.5ms)[0m  [1m[35mCREATE TABLE "ar_internal_metadata" ("key" character varying NOT NULL PRIMARY KEY, "value" character varying, "created_at" timestamp NOT NULL, "updated_at" timestamp NOT NULL)[0m
  [1m[36mActiveRecord::InternalMetadata Load (0.8ms)[0m  [1m[34mSELECT  "ar_internal_metadata".* FROM "ar_internal_metadata" WHERE "ar_internal_metadata"."key" = $1 LIMIT $2[0m  [["key", "environment"], ["LIMIT", 1]]
  [1m[35m (0.3ms)[0m  [1m[35mBEGIN[0m
  [1m[35mSQL (1.1ms)[0m  [1m[32mINSERT INTO "ar_internal_metadata" ("key", "value", "created_at", "updated_at") VALUES ($1, $2, $3, $4) RETURNING "key"[0m  [["key", "environment"], ["value", "development"], ["created_at", "2020-11-30 18:52:07.587585"], ["updated_at", "2020-11-30 18:52:07.587585"]]
  [1m[35m (0.7ms)[0m  [1m[35mCOMMIT[0m
  [1m[36mActiveRecord::InternalMetadata Load (0.3ms)[0m  [1m[34mSELECT  "ar_internal_metadata".* FROM "ar_internal_metadata" WHERE "ar_internal_metadata"."key" = $1 LIMIT $2[0m  [["key", "environment"], ["LIMIT", 1]]
  [1m[35m (0.3ms)[0m  [1m[35mBEGIN[0m
  [1m[35mSQL (0.8ms)[0m  [1m[33mUPDATE "ar_internal_metadata" SET "value" = $1, "updated_at" = $2 WHERE "ar_internal_metadata"."key" = $3[0m  [["value", "test"], ["updated_at", "2020-11-30 18:52:07.597388"], ["key", "environment"]]
  [1m[35m (0.6ms)[0m  [1m[35mCOMMIT[0m
  [1m[35m (3.8ms)[0m  [1m[34mSELECT "schema_migrations"."version" FROM "schema_migrations" ORDER BY "schema_migrations"."version" ASC[0m
  [1m[35m (0.6ms)[0m  [1m[34mSELECT "schema_migrations"."version" FROM "schema_migrations" ORDER BY "schema_migrations"."version" ASC[0m
  [1m[35m (1.2ms)[0m  [1m[34mSELECT "schema_migrations"."version" FROM "schema_migrations" ORDER BY "schema_migrations"."version" ASC[0m
  [1m[35m (3.9ms)[0m  [1m[34mSELECT "ar_internal_metadata"."value" FROM "ar_internal_metadata" WHERE "ar_internal_metadata"."key" = $1[0m  [["key", "environment"]]
  [1m[35m (5.9ms)[0m  [1m[34mSELECT "schema_migrations"."version" FROM "schema_migrations" ORDER BY "schema_migrations"."version" ASC[0m
  [1m[35m (0.5ms)[0m  [1m[34mSELECT "ar_internal_metadata"."value" FROM "ar_internal_metadata" WHERE "ar_internal_metadata"."key" = $1[0m  [["key", "environment"]]
  [1m[35m (0.4ms)[0m  [1m[34mSELECT "schema_migrations"."version" FROM "schema_migrations" ORDER BY "schema_migrations"."version" ASC[0m
  [1m[35m (0.8ms)[0m  [1m[34mSELECT "ar_internal_metadata"."value" FROM "ar_internal_metadata" WHERE "ar_internal_metadata"."key" = $1[0m  [["key", "environment"]]
  [1m[35m (77.4ms)[0m  [1m[35mDROP DATABASE IF EXISTS "movie_buff_test"[0m
  [1m[35m (185.7ms)[0m  [1m[35mCREATE DATABASE "movie_buff_test" ENCODING = 'unicode'[0m
  [1m[35mSQL (0.8ms)[0m  [1m[35mCREATE EXTENSION IF NOT EXISTS "plpgsql"[0m
  [1m[35m (0.6ms)[0m  [1m[35mDROP TABLE IF EXISTS "actors" CASCADE[0m
  [1m[35m (17.7ms)[0m  [1m[35mCREATE TABLE "actors" ("id" bigserial primary key, "name" character varying NOT NULL)[0m
  [1m[35m (2.2ms)[0m  [1m[35mCREATE  INDEX  "index_actors_on_name" ON "actors"  ("name")[0m
  [1m[35m (0.3ms)[0m  [1m[35mDROP TABLE IF EXISTS "castings" CASCADE[0m
  [1m[35m (10.1ms)[0m  [1m[35mCREATE TABLE "castings" ("id" bigserial primary key, "actor_id" integer NOT NULL, "movie_id" integer NOT NULL, "ord" integer NOT NULL)[0m
  [1m[35m (3.7ms)[0m  [1m[35mCREATE UNIQUE INDEX  "index_castings_on_actor_id_and_movie_id" ON "castings"  ("actor_id", "movie_id")[0m
  [1m[35m (2.8ms)[0m  [1m[35mCREATE  INDEX  "index_castings_on_actor_id" ON "castings"  ("actor_id")[0m
  [1m[35m (2.1ms)[0m  [1m[35mCREATE  INDEX  "index_castings_on_movie_id" ON "castings"  ("movie_id")[0m
  [1m[35m (0.3ms)[0m  [1m[35mDROP TABLE IF EXISTS "movies" CASCADE[0m
  [1m[35m (7.6ms)[0m  [1m[35mCREATE TABLE "movies" ("id" bigserial primary key, "title" character varying NOT NULL, "yr" integer NOT NULL, "score" float NOT NULL, "votes" integer NOT NULL, "director_id" integer NOT NULL)[0m
  [1m[35m (1.9ms)[0m  [1m[35mCREATE  INDEX  "index_movies_on_director_id" ON "movies"  ("director_id")[0m
  [1m[35m (2.9ms)[0m  [1m[35mCREATE  INDEX  "index_movies_on_title" ON "movies"  ("title")[0m
  [1m[35m (6.4ms)[0m  [1m[35mCREATE TABLE "schema_migrations" ("version" character varying NOT NULL PRIMARY KEY)[0m
  [1m[35m (1.4ms)[0m  [1m[34mSELECT "schema_migrations"."version" FROM "schema_migrations" ORDER BY "schema_migrations"."version" ASC[0m
  [1m[35m (1.5ms)[0m  [1m[32mINSERT INTO "schema_migrations" (version) VALUES (20170711160807)[0m
  [1m[35m (0.9ms)[0m  [1m[32mINSERT INTO "schema_migrations" (version) VALUES
(20170707013241),
(20170707013123);

[0m
  [1m[35m (11.4ms)[0m  [1m[35mCREATE TABLE "ar_internal_metadata" ("key" character varying NOT NULL PRIMARY KEY, "value" character varying, "created_at" timestamp NOT NULL, "updated_at" timestamp NOT NULL)[0m
  [1m[36mActiveRecord::InternalMetadata Load (0.6ms)[0m  [1m[34mSELECT  "ar_internal_metadata".* FROM "ar_internal_metadata" WHERE "ar_internal_metadata"."key" = $1 LIMIT $2[0m  [["key", "environment"], ["LIMIT", 1]]
  [1m[35m (0.2ms)[0m  [1m[35mBEGIN[0m
  [1m[35mSQL (1.1ms)[0m  [1m[32mINSERT INTO "ar_internal_metadata" ("key", "value", "created_at", "updated_at") VALUES ($1, $2, $3, $4) RETURNING "key"[0m  [["key", "environment"], ["value", "development"], ["created_at", "2020-11-30 18:52:13.545104"], ["updated_at", "2020-11-30 18:52:13.545104"]]
  [1m[35m (0.6ms)[0m  [1m[35mCOMMIT[0m
  [1m[36mActiveRecord::InternalMetadata Load (0.7ms)[0m  [1m[34mSELECT  "ar_internal_metadata".* FROM "ar_internal_metadata" WHERE "ar_internal_metadata"."key" = $1 LIMIT $2[0m  [["key", "environment"], ["LIMIT", 1]]
  [1m[35m (0.2ms)[0m  [1m[35mBEGIN[0m
  [1m[35mSQL (0.9ms)[0m  [1m[33mUPDATE "ar_internal_metadata" SET "value" = $1, "updated_at" = $2 WHERE "ar_internal_metadata"."key" = $3[0m  [["value", "test"], ["updated_at", "2020-11-30 18:52:13.555784"], ["key", "environment"]]
  [1m[35m (0.6ms)[0m  [1m[35mCOMMIT[0m
  [1m[35m (2.2ms)[0m  [1m[34mSELECT "schema_migrations"."version" FROM "schema_migrations" ORDER BY "schema_migrations"."version" ASC[0m
  [1m[35m (1.4ms)[0m  [1m[34mSELECT "schema_migrations"."version" FROM "schema_migrations" ORDER BY "schema_migrations"."version" ASC[0m
  [1m[35m (0.9ms)[0m  [1m[34mSELECT pg_try_advisory_lock(8338553480253860640)[0m
  [1m[35m (1.6ms)[0m  [1m[34mSELECT "schema_migrations"."version" FROM "schema_migrations" ORDER BY "schema_migrations"."version" ASC[0m
Migrating to CreateActors (20170707013123)
  [1m[35m (0.2ms)[0m  [1m[35mBEGIN[0m
  [1m[35m (34.6ms)[0m  [1m[35mCREATE TABLE "actors" ("id" bigserial primary key, "name" character varying NOT NULL)[0m
  [1m[35m (0.3ms)[0m  [1m[31mROLLBACK[0m
  [1m[35m (0.4ms)[0m  [1m[34mSELECT pg_advisory_unlock(8338553480253860640)[0m
